<?xml version="1.0" encoding="UTF-8"?>
<!-- Generated by org.testng.reporters.JUnitReportReporter -->
<testsuite hostname="DESKTOP-TQMQ11K" failures="0" tests="1" name="testngbasicprograms.ZkDemoRadio" time="50.606" errors="0" timestamp="2022-12-29T20:24:48 IST" skipped="0">
  <testcase classname="testngbasicprograms.ZkDemoRadio" name="verfyingRadioButtons" time="50.606"/>
  <system-out>
    <![CDATA[VerfyingRadioButton
collection of esch element 
collection of esch element 
collection of esch element 
collection of esch element 
collection of esch element 
collection of esch element 
collection of esch element 
collection of esch element 
collection of esch element 
collection of esch element 
collection of esch element 
collection of esch element 
collection of esch element 
collection of esch element 
collection of esch element ]]>
  </system-out>
</testsuite> <!-- testngbasicprograms.ZkDemoRadio -->
