<?xml version="1.0" encoding="UTF-8"?>
<!-- Generated by org.testng.reporters.JUnitReportReporter -->
<testsuite hostname="DESKTOP-TQMQ11K" failures="0" tests="1" name="test.ng.JavaScriptExicutor" time="18.842" errors="0" timestamp="2023-01-03T23:16:52 IST" skipped="0">
  <testcase classname="test.ng.JavaScriptExicutor" name="loginButton" time="18.842"/>
  <system-out/>
</testsuite> <!-- test.ng.JavaScriptExicutor -->
