<?xml version="1.0" encoding="UTF-8"?>
<!-- Generated by org.testng.reporters.JUnitReportReporter -->
<testsuite hostname="DESKTOP-TQMQ11K" failures="0" tests="2" name="testngbasicprograms.KeyBoardClass" time="7.315" errors="0" timestamp="2022-12-30T16:09:41 IST" skipped="0">
  <testcase classname="testngbasicprograms.KeyBoardClass" name="clickOnDroppable" time="1.412"/>
  <system-out/>
  <testcase classname="testngbasicprograms.KeyBoardClass" name="clickMouse" time="5.903"/>
  <system-out/>
</testsuite> <!-- testngbasicprograms.KeyBoardClass -->
