<?xml version="1.0" encoding="UTF-8"?>
<!-- Generated by org.testng.reporters.JUnitReportReporter -->
<testsuite hostname="DESKTOP-TQMQ11K" failures="0" tests="2" name="testngbasicprograms.NewTest" time="0.032" errors="0" timestamp="2022-12-22T23:17:32 IST" skipped="0">
  <testcase classname="testngbasicprograms.NewTest" name="f" time="0.025"/>
  <system-out/>
  <testcase classname="testngbasicprograms.NewTest" name="f" time="0.007"/>
  <system-out/>
</testsuite> <!-- testngbasicprograms.NewTest -->
