<?xml version="1.0" encoding="UTF-8"?>
<!-- Generated by org.testng.reporters.JUnitReportReporter -->
<testsuite hostname="DESKTOP-TQMQ11K" failures="0" tests="2" name="test.ng.DataPickerDemo" time="15.326" errors="0" timestamp="2023-02-02T15:19:00 IST" skipped="0">
  <testcase classname="test.ng.DataPickerDemo" name="clickOnDateMonthYear" time="8.510"/>
  <system-out/>
  <testcase classname="test.ng.DataPickerDemo" name="clickDataPicker" time="6.816"/>
  <system-out/>
</testsuite> <!-- test.ng.DataPickerDemo -->
