<?xml version="1.0" encoding="UTF-8"?>
<!-- Generated by org.testng.reporters.JUnitReportReporter -->
<testsuite hostname="DESKTOP-TQMQ11K" failures="0" tests="4" name="testngbasicprograms.TestingProcess2" time="0.014" errors="0" timestamp="2022-12-29T20:24:48 IST" skipped="0">
  <testcase classname="testngbasicprograms.TestingProcess2" name="regressionTest2" time="0.004"/>
  <system-out>
    <![CDATA[excuted sucessfully regressionTest4]]>
  </system-out>
  <testcase classname="testngbasicprograms.TestingProcess2" name="smokeTest4" time="0.003"/>
  <system-out>
    <![CDATA[excuted sucessfully smokeTest4]]>
  </system-out>
  <testcase classname="testngbasicprograms.TestingProcess2" name="regressionTest1" time="0.004"/>
  <system-out>
    <![CDATA[excuted sucessfully regressionTest3]]>
  </system-out>
  <testcase classname="testngbasicprograms.TestingProcess2" name="smokeTest3" time="0.003"/>
  <system-out>
    <![CDATA[excuted sucessfully smokeTest3]]>
  </system-out>
</testsuite> <!-- testngbasicprograms.TestingProcess2 -->
