<?xml version="1.0" encoding="UTF-8"?>
<!-- Generated by org.testng.reporters.JUnitReportReporter -->
<testsuite hostname="DESKTOP-TQMQ11K" failures="0" tests="1" name="practice.FaceBookDemo" time="15.827" errors="0" timestamp="2023-01-10T13:25:55 IST" skipped="0">
  <testcase classname="practice.FaceBookDemo" name="loginFaceBook" time="15.827"/>
  <system-out/>
</testsuite> <!-- practice.FaceBookDemo -->
