<?xml version="1.0" encoding="UTF-8"?>
<!-- Generated by org.testng.reporters.JUnitReportReporter -->
<testsuite hostname="DESKTOP-TQMQ11K" failures="0" tests="1" name="practice.GoogleDemo" time="8.833" errors="0" timestamp="2022-12-29T20:24:48 IST" skipped="0">
  <testcase classname="practice.GoogleDemo" name="searchKeyWord" time="8.833"/>
  <system-out/>
</testsuite> <!-- practice.GoogleDemo -->
