<?xml version="1.0" encoding="UTF-8"?>
<!-- Generated by org.testng.reporters.JUnitReportReporter -->
<testsuite hostname="DESKTOP-TQMQ11K" failures="0" tests="4" name="test.ng.TestingClass" time="8.107" errors="0" timestamp="2022-12-29T20:24:48 IST" skipped="0">
  <testcase classname="test.ng.TestingClass" name="sendKeys" time="3.011"/>
  <system-out/>
  <testcase classname="test.ng.TestingClass" name="sendKeys" time="2.010"/>
  <system-out/>
  <testcase classname="test.ng.TestingClass" name="sendKeys" time="1.687"/>
  <system-out/>
  <testcase classname="test.ng.TestingClass" name="sendKeys" time="1.399"/>
  <system-out/>
</testsuite> <!-- test.ng.TestingClass -->
