<?xml version="1.0" encoding="UTF-8"?>
<!-- Generated by org.testng.reporters.JUnitReportReporter -->
<testsuite hostname="DESKTOP-TQMQ11K" failures="0" tests="1" name="testngbasicprograms.DropAndDown" time="71.028" errors="0" timestamp="2022-12-30T15:25:22 IST" skipped="0">
  <testcase classname="testngbasicprograms.DropAndDown" name="dragDropTest" time="71.028"/>
  <system-out/>
</testsuite> <!-- testngbasicprograms.DropAndDown -->
