<?xml version="1.0" encoding="UTF-8"?>
<!-- Generated by org.testng.reporters.JUnitReportReporter -->
<testsuite hostname="DESKTOP-TQMQ11K" failures="0" tests="1" name="practice.ToggleSwitch" time="12.733" errors="0" timestamp="2023-02-03T22:47:24 IST" skipped="0">
  <testcase classname="practice.ToggleSwitch" name="clickOnToggleSwitch" time="12.733"/>
  <system-out/>
</testsuite> <!-- practice.ToggleSwitch -->
