<?xml version="1.0" encoding="UTF-8"?>
<!-- Generated by org.testng.reporters.JUnitReportReporter -->
<testsuite hostname="DESKTOP-TQMQ11K" failures="0" tests="1" name="testngbasicprograms.HandlingPopUp" time="0.011" errors="0" timestamp="2022-12-29T20:24:48 IST" skipped="0">
  <testcase classname="testngbasicprograms.HandlingPopUp" name="f" time="0.011"/>
  <system-out/>
</testsuite> <!-- testngbasicprograms.HandlingPopUp -->
