<?xml version="1.0" encoding="UTF-8"?>
<!-- Generated by org.testng.reporters.JUnitReportReporter -->
<testsuite hostname="DESKTOP-TQMQ11K" failures="0" tests="2" name="testngbasicprograms.ZkClassName" time="34.165" errors="0" timestamp="2023-01-28T19:08:03 IST" skipped="0">
  <testcase classname="testngbasicprograms.ZkClassName" name="verfiyingButtons" time="19.236"/>
  <system-out>
    <![CDATA[click on button link
Collection of Size Just Label
Collection of Size 
Collection of Size Icon with Label
Collection of Size Reversed Order
Collection of Size Vertical
Collection of Size Reverse
Collection of Size Left
Collection of Size Right
Collection of Size Above
Collection of Size Below
Collection of Size ]]>
  </system-out>
  <testcase classname="testngbasicprograms.ZkClassName" name="verfiyLinkCheckBox" time="14.929"/>
  <system-out>
    <![CDATA[Verfiying CheckBoxes
Collection of EachCheckBox 
Collection of EachCheckBox 
Collection of EachCheckBox 
Collection of EachCheckBox 
Collection of EachCheckBox 
Excuted CheckBox Program]]>
  </system-out>
</testsuite> <!-- testngbasicprograms.ZkClassName -->
