<?xml version="1.0" encoding="UTF-8"?>
<!-- Generated by org.testng.reporters.JUnitReportReporter -->
<testsuite hostname="DESKTOP-TQMQ11K" failures="0" tests="2" name="testngbasicprograms.ZkDemoClass" time="26.009" errors="0" timestamp="2022-12-29T20:24:48 IST" skipped="0">
  <testcase classname="testngbasicprograms.ZkDemoClass" name="verfiyingCheckBoxLink" time="9.710"/>
  <system-out>
    <![CDATA[Verfiying CheckBoxes 
Checkboxes Sizes 5]]>
  </system-out>
  <testcase classname="testngbasicprograms.ZkDemoClass" name="verfiyingButtons" time="16.299"/>
  <system-out>
    <![CDATA[Verfiying Buttons
collection of size Just Label
collection of size 
collection of size Icon with Label
collection of size Reversed Order
collection of size Vertical
collection of size Reverse
collection of size Left
collection of size Right
collection of size Above
collection of size Below
collection of size 
Verfiying buttons close]]>
  </system-out>
</testsuite> <!-- testngbasicprograms.ZkDemoClass -->
