<?xml version="1.0" encoding="UTF-8"?>
<!-- Generated by org.testng.reporters.JUnitReportReporter -->
<testsuite hostname="DESKTOP-TQMQ11K" failures="0" tests="3" name="practice.ZkDemoFree" time="28.656" errors="0" timestamp="2023-01-07T16:48:44 IST" skipped="0">
  <testcase classname="practice.ZkDemoFree" name="clickOnButton" time="11.627"/>
  <system-out/>
  <testcase classname="practice.ZkDemoFree" name="verfiyingButtons" time="1.486"/>
  <system-out>
    <![CDATA[Collection of SizeJust Label
Collection of Size
Collection of SizeIcon with Label
Collection of SizeReversed Order
Collection of SizeVertical
Collection of SizeReverse
Collection of SizeLeft
Collection of SizeRight
Collection of SizeAbove
Collection of SizeBelow
Collection of Size]]>
  </system-out>
  <testcase classname="practice.ZkDemoFree" name="verfiyingCheckBoxes" time="15.543"/>
  <system-out>
    <![CDATA[Collection of Size
Collection of Size
Collection of Size
Collection of Size
Collection of Size]]>
  </system-out>
</testsuite> <!-- practice.ZkDemoFree -->
