<?xml version="1.0" encoding="UTF-8"?>
<!-- Generated by org.testng.reporters.JUnitReportReporter -->
<testsuite hostname="DESKTOP-TQMQ11K" failures="0" tests="4" name="testngbasicprograms.TestingProcess" time="0.038" errors="0" timestamp="2022-12-29T20:24:48 IST" skipped="0">
  <testcase classname="testngbasicprograms.TestingProcess" name="regressionTest1" time="0.020"/>
  <system-out>
    <![CDATA[excuted sucessfully regressionTest1]]>
  </system-out>
  <testcase classname="testngbasicprograms.TestingProcess" name="regressionTest2" time="0.007"/>
  <system-out>
    <![CDATA[excuted sucessfully regressionTest2]]>
  </system-out>
  <testcase classname="testngbasicprograms.TestingProcess" name="smokeTest1" time="0.005"/>
  <system-out>
    <![CDATA[excuted sucessfully smokeTest1]]>
  </system-out>
  <testcase classname="testngbasicprograms.TestingProcess" name="smokeTest2" time="0.006"/>
  <system-out>
    <![CDATA[excuted sucessfully smokeTest2]]>
  </system-out>
</testsuite> <!-- testngbasicprograms.TestingProcess -->
