<?xml version="1.0" encoding="UTF-8"?>
<!-- Generated by org.testng.reporters.JUnitReportReporter -->
<testsuite hostname="DESKTOP-TQMQ11K" failures="0" tests="2" name="test.ng.NewTest" time="0.009" errors="0" timestamp="2022-12-29T20:24:48 IST" skipped="0">
  <testcase classname="test.ng.NewTest" name="f" time="0.002"/>
  <system-out/>
  <testcase classname="test.ng.NewTest" name="f" time="0.007"/>
  <system-out/>
</testsuite> <!-- test.ng.NewTest -->
