<?xml version="1.0" encoding="UTF-8"?>
<!-- Generated by org.testng.reporters.JUnitReportReporter -->
<testsuite hostname="DESKTOP-TQMQ11K" failures="0" tests="1" name="testngbasicprograms.JavaExcuteConcept" time="34.813" errors="0" timestamp="2023-01-03T13:28:00 IST" skipped="0">
  <testcase classname="testngbasicprograms.JavaExcuteConcept" name="searchKeyWord" time="34.813"/>
  <system-out/>
</testsuite> <!-- testngbasicprograms.JavaExcuteConcept -->
